<?xml version="1.0" encoding="UTF-8"?>
<coverage generated="1747541844595" clover="3.2.0">
  <project timestamp="1747541844595" name="All files">
    <metrics statements="28" coveredstatements="26" conditionals="30" coveredconditionals="23" methods="14" coveredmethods="12" elements="72" coveredelements="61" complexity="0" loc="28" ncloc="28" packages="1" files="1" classes="1"/>
    <file name="product-detail.tsx" path="/Users/alejandrogrosso/Documents/tech-practice/tech-practice-frontend/components/product-detail.tsx">
      <metrics statements="28" coveredstatements="26" conditionals="30" coveredconditionals="23" methods="14" coveredmethods="12"/>
      <line num="8" count="2" type="stmt"/>
      <line num="9" count="2" type="stmt"/>
      <line num="10" count="2" type="stmt"/>
      <line num="11" count="2" type="stmt"/>
      <line num="12" count="2" type="stmt"/>
      <line num="14" count="2" type="stmt"/>
      <line num="15" count="1" type="stmt"/>
      <line num="16" count="1" type="stmt"/>
      <line num="17" count="1" type="stmt"/>
      <line num="19" count="1" type="cond" truecount="1" falsecount="1"/>
      <line num="20" count="1" type="stmt"/>
      <line num="23" count="1" type="stmt"/>
      <line num="24" count="1" type="stmt"/>
      <line num="26" count="0" type="stmt"/>
      <line num="27" count="1" type="stmt"/>
      <line num="31" count="2" type="stmt"/>
      <line num="41" count="2" type="cond" truecount="2" falsecount="0"/>
      <line num="42" count="1" type="cond" truecount="1" falsecount="1"/>
      <line num="50" count="1" type="cond" truecount="1" falsecount="1"/>
      <line num="52" count="1" type="stmt"/>
      <line num="60" count="7" type="stmt"/>
      <line num="90" count="2" type="stmt"/>
      <line num="92" count="0" type="stmt"/>
      <line num="146" count="5" type="stmt"/>
      <line num="246" count="3" type="stmt"/>
      <line num="312" count="2" type="stmt"/>
      <line num="461" count="5" type="cond" truecount="2" falsecount="0"/>
      <line num="648" count="4" type="stmt"/>
    </file>
  </project>
</coverage>
