<?xml version="1.0" encoding="UTF-8"?>
<coverage generated="1747581674395" clover="3.2.0">
  <project timestamp="1747581674395" name="All files">
    <metrics statements="70" coveredstatements="65" conditionals="56" coveredconditionals="46" methods="32" coveredmethods="27" elements="158" coveredelements="138" complexity="0" loc="70" ncloc="70" packages="3" files="6" classes="6"/>
    <package name="components.product">
      <metrics statements="51" coveredstatements="50" conditionals="56" coveredconditionals="46" methods="25" coveredmethods="24"/>
      <file name="PaymentMethods.tsx" path="/Users/alejandrogrosso/Documents/tech-practice/tech-practice-frontend/components/product/PaymentMethods.tsx">
        <metrics statements="1" coveredstatements="1" conditionals="6" coveredconditionals="6" methods="1" coveredmethods="1"/>
        <line num="15" count="3" type="stmt"/>
      </file>
      <file name="ProductDetail.tsx" path="/Users/alejandrogrosso/Documents/tech-practice/tech-practice-frontend/components/product/ProductDetail.tsx">
        <metrics statements="42" coveredstatements="41" conditionals="42" coveredconditionals="32" methods="20" coveredmethods="19"/>
        <line num="9" count="19" type="stmt"/>
        <line num="10" count="19" type="stmt"/>
        <line num="11" count="19" type="stmt"/>
        <line num="12" count="19" type="stmt"/>
        <line num="13" count="19" type="stmt"/>
        <line num="14" count="19" type="stmt"/>
        <line num="15" count="19" type="stmt"/>
        <line num="16" count="19" type="stmt"/>
        <line num="18" count="19" type="stmt"/>
        <line num="20" count="19" type="stmt"/>
        <line num="21" count="9" type="stmt"/>
        <line num="22" count="9" type="stmt"/>
        <line num="23" count="9" type="stmt"/>
        <line num="25" count="8" type="cond" truecount="1" falsecount="1"/>
        <line num="26" count="8" type="stmt"/>
        <line num="29" count="8" type="stmt"/>
        <line num="30" count="8" type="stmt"/>
        <line num="32" count="1" type="stmt"/>
        <line num="33" count="9" type="stmt"/>
        <line num="36" count="19" type="stmt"/>
        <line num="37" count="9" type="stmt"/>
        <line num="38" count="9" type="stmt"/>
        <line num="39" count="9" type="stmt"/>
        <line num="41" count="9" type="cond" truecount="1" falsecount="1"/>
        <line num="42" count="9" type="stmt"/>
        <line num="44" count="9" type="stmt"/>
        <line num="45" count="0" type="stmt"/>
        <line num="46" count="9" type="stmt"/>
        <line num="50" count="19" type="stmt"/>
        <line num="60" count="19" type="cond" truecount="2" falsecount="0"/>
        <line num="61" count="10" type="cond" truecount="2" falsecount="0"/>
        <line num="69" count="9" type="cond" truecount="1" falsecount="1"/>
        <line num="71" count="9" type="stmt"/>
        <line num="79" count="63" type="stmt"/>
        <line num="109" count="18" type="stmt"/>
        <line num="111" count="1" type="stmt"/>
        <line num="165" count="45" type="stmt"/>
        <line num="265" count="27" type="stmt"/>
        <line num="315" count="18" type="stmt"/>
        <line num="375" count="9" type="stmt"/>
        <line num="408" count="45" type="cond" truecount="2" falsecount="0"/>
        <line num="595" count="36" type="stmt"/>
      </file>
      <file name="ProductSpecs.tsx" path="/Users/alejandrogrosso/Documents/tech-practice/tech-practice-frontend/components/product/ProductSpecs.tsx">
        <metrics statements="7" coveredstatements="7" conditionals="8" coveredconditionals="8" methods="3" coveredmethods="3"/>
        <line num="10" count="2" type="stmt"/>
        <line num="31" count="2" type="stmt"/>
        <line num="42" count="10" type="stmt"/>
        <line num="43" count="10" type="stmt"/>
        <line num="45" count="10" type="stmt"/>
        <line num="50" count="40" type="cond" truecount="4" falsecount="0"/>
        <line num="83" count="20" type="cond" truecount="2" falsecount="0"/>
      </file>
      <file name="SellerInfo.tsx" path="/Users/alejandrogrosso/Documents/tech-practice/tech-practice-frontend/components/product/SellerInfo.tsx">
        <metrics statements="1" coveredstatements="1" conditionals="0" coveredconditionals="0" methods="1" coveredmethods="1"/>
        <line num="10" count="3" type="stmt"/>
      </file>
    </package>
    <package name="components.ui">
      <metrics statements="18" coveredstatements="14" conditionals="0" coveredconditionals="0" methods="6" coveredmethods="2"/>
      <file name="card.tsx" path="/Users/alejandrogrosso/Documents/tech-practice/tech-practice-frontend/components/ui/card.tsx">
        <metrics statements="18" coveredstatements="14" conditionals="0" coveredconditionals="0" methods="6" coveredmethods="2"/>
        <line num="5" count="2" type="stmt"/>
        <line num="9" count="6" type="stmt"/>
        <line num="18" count="2" type="stmt"/>
        <line num="20" count="2" type="stmt"/>
        <line num="24" count="0" type="stmt"/>
        <line num="30" count="2" type="stmt"/>
        <line num="32" count="2" type="stmt"/>
        <line num="36" count="0" type="stmt"/>
        <line num="45" count="2" type="stmt"/>
        <line num="47" count="2" type="stmt"/>
        <line num="51" count="0" type="stmt"/>
        <line num="57" count="2" type="stmt"/>
        <line num="59" count="2" type="stmt"/>
        <line num="63" count="6" type="stmt"/>
        <line num="65" count="2" type="stmt"/>
        <line num="67" count="2" type="stmt"/>
        <line num="71" count="0" type="stmt"/>
        <line num="77" count="2" type="stmt"/>
      </file>
    </package>
    <package name="lib">
      <metrics statements="1" coveredstatements="1" conditionals="0" coveredconditionals="0" methods="1" coveredmethods="1"/>
      <file name="utils.ts" path="/Users/alejandrogrosso/Documents/tech-practice/tech-practice-frontend/lib/utils.ts">
        <metrics statements="1" coveredstatements="1" conditionals="0" coveredconditionals="0" methods="1" coveredmethods="1"/>
        <line num="5" count="12" type="stmt"/>
      </file>
    </package>
  </project>
</coverage>
