{"/Users/alejandrogrosso/Documents/tech-practice/tech-practice-frontend/components/product/PaymentMethods.tsx": {"path":"/Users/alejandrogrosso/Documents/tech-practice/tech-practice-frontend/components/product/PaymentMethods.tsx","statementMap":{"0":{"start":{"line":15,"column":2},"end":{"line":53,"column":3}}},"fnMap":{"0":{"name":"PaymentMethods","decl":{"start":{"line":10,"column":24},"end":{"line":10,"column":38}},"loc":{"start":{"line":14,"column":24},"end":{"line":54,"column":1}},"line":14}},"branchMap":{"0":{"loc":{"start":{"line":21,"column":11},"end":{"line":29,"column":11}},"type":"binary-expr","locations":[{"start":{"line":21,"column":11},"end":{"line":21,"column":24}},{"start":{"line":22,"column":12},"end":{"line":28,"column":18}}],"line":21},"1":{"loc":{"start":{"line":31,"column":11},"end":{"line":39,"column":11}},"type":"binary-expr","locations":[{"start":{"line":31,"column":11},"end":{"line":31,"column":23}},{"start":{"line":32,"column":12},"end":{"line":38,"column":18}}],"line":31},"2":{"loc":{"start":{"line":41,"column":11},"end":{"line":49,"column":11}},"type":"binary-expr","locations":[{"start":{"line":41,"column":11},"end":{"line":41,"column":26}},{"start":{"line":42,"column":12},"end":{"line":48,"column":18}}],"line":41}},"s":{"0":3},"f":{"0":3},"b":{"0":[3,2],"1":[3,1],"2":[3,1]},"_coverageSchema":"1a1c01bbd47fc00a2c39e90264f33305004495a9","hash":"6412e99adb0542bde37c8900de296dc267a3e9ce"}
,"/Users/alejandrogrosso/Documents/tech-practice/tech-practice-frontend/components/product/ProductDetail.tsx": {"path":"/Users/alejandrogrosso/Documents/tech-practice/tech-practice-frontend/components/product/ProductDetail.tsx","statementMap":{"0":{"start":{"line":9,"column":32},"end":{"line":9,"column":62}},"1":{"start":{"line":10,"column":44},"end":{"line":10,"column":63}},"2":{"start":{"line":11,"column":34},"end":{"line":11,"column":45}},"3":{"start":{"line":12,"column":32},"end":{"line":12,"column":46}},"4":{"start":{"line":13,"column":28},"end":{"line":13,"column":57}},"5":{"start":{"line":14,"column":48},"end":{"line":14,"column":67}},"6":{"start":{"line":15,"column":46},"end":{"line":15,"column":60}},"7":{"start":{"line":16,"column":42},"end":{"line":16,"column":71}},"8":{"start":{"line":18,"column":19},"end":{"line":18,"column":55}},"9":{"start":{"line":20,"column":2},"end":{"line":34,"column":8}},"10":{"start":{"line":21,"column":4},"end":{"line":21,"column":20}},"11":{"start":{"line":22,"column":4},"end":{"line":22,"column":18}},"12":{"start":{"line":23,"column":4},"end":{"line":33,"column":39}},"13":{"start":{"line":25,"column":8},"end":{"line":25,"column":62}},"14":{"start":{"line":25,"column":21},"end":{"line":25,"column":62}},"15":{"start":{"line":26,"column":8},"end":{"line":26,"column":25}},"16":{"start":{"line":29,"column":8},"end":{"line":29,"column":24}},"17":{"start":{"line":30,"column":8},"end":{"line":30,"column":42}},"18":{"start":{"line":32,"column":20},"end":{"line":32,"column":41}},"19":{"start":{"line":33,"column":21},"end":{"line":33,"column":38}},"20":{"start":{"line":36,"column":2},"end":{"line":47,"column":8}},"21":{"start":{"line":37,"column":4},"end":{"line":37,"column":27}},"22":{"start":{"line":38,"column":4},"end":{"line":38,"column":25}},"23":{"start":{"line":39,"column":4},"end":{"line":46,"column":46}},"24":{"start":{"line":41,"column":8},"end":{"line":41,"column":86}},"25":{"start":{"line":41,"column":21},"end":{"line":41,"column":86}},"26":{"start":{"line":42,"column":8},"end":{"line":42,"column":25}},"27":{"start":{"line":44,"column":20},"end":{"line":44,"column":44}},"28":{"start":{"line":45,"column":20},"end":{"line":45,"column":48}},"29":{"start":{"line":46,"column":21},"end":{"line":46,"column":45}},"30":{"start":{"line":50,"column":22},"end":{"line":58,"column":3}},"31":{"start":{"line":60,"column":2},"end":{"line":60,"column":96}},"32":{"start":{"line":60,"column":15},"end":{"line":60,"column":96}},"33":{"start":{"line":61,"column":2},"end":{"line":68,"column":4}},"34":{"start":{"line":61,"column":13},"end":{"line":68,"column":4}},"35":{"start":{"line":69,"column":2},"end":{"line":69,"column":28}},"36":{"start":{"line":69,"column":16},"end":{"line":69,"column":28}},"37":{"start":{"line":71,"column":2},"end":{"line":624,"column":3}},"38":{"start":{"line":79,"column":12},"end":{"line":82,"column":19}},"39":{"start":{"line":109,"column":20},"end":{"line":120,"column":29}},"40":{"start":{"line":111,"column":37},"end":{"line":111,"column":58}},"41":{"start":{"line":165,"column":18},"end":{"line":165,"column":84}},"42":{"start":{"line":265,"column":20},"end":{"line":286,"column":26}},"43":{"start":{"line":315,"column":22},"end":{"line":347,"column":28}},"44":{"start":{"line":375,"column":18},"end":{"line":382,"column":24}},"45":{"start":{"line":408,"column":42},"end":{"line":408,"column":104}},"46":{"start":{"line":595,"column":16},"end":{"line":617,"column":20}}},"fnMap":{"0":{"name":"ProductDetail","decl":{"start":{"line":8,"column":24},"end":{"line":8,"column":37}},"loc":{"start":{"line":8,"column":40},"end":{"line":625,"column":1}},"line":8},"1":{"name":"(anonymous_1)","decl":{"start":{"line":20,"column":12},"end":{"line":20,"column":13}},"loc":{"start":{"line":20,"column":18},"end":{"line":34,"column":3}},"line":20},"2":{"name":"(anonymous_2)","decl":{"start":{"line":24,"column":12},"end":{"line":24,"column":13}},"loc":{"start":{"line":24,"column":19},"end":{"line":27,"column":7}},"line":24},"3":{"name":"(anonymous_3)","decl":{"start":{"line":28,"column":12},"end":{"line":28,"column":13}},"loc":{"start":{"line":28,"column":20},"end":{"line":31,"column":7}},"line":28},"4":{"name":"(anonymous_4)","decl":{"start":{"line":32,"column":13},"end":{"line":32,"column":14}},"loc":{"start":{"line":32,"column":20},"end":{"line":32,"column":41}},"line":32},"5":{"name":"(anonymous_5)","decl":{"start":{"line":33,"column":15},"end":{"line":33,"column":16}},"loc":{"start":{"line":33,"column":21},"end":{"line":33,"column":38}},"line":33},"6":{"name":"(anonymous_6)","decl":{"start":{"line":36,"column":12},"end":{"line":36,"column":13}},"loc":{"start":{"line":36,"column":18},"end":{"line":47,"column":3}},"line":36},"7":{"name":"(anonymous_7)","decl":{"start":{"line":40,"column":12},"end":{"line":40,"column":13}},"loc":{"start":{"line":40,"column":19},"end":{"line":43,"column":7}},"line":40},"8":{"name":"(anonymous_8)","decl":{"start":{"line":44,"column":12},"end":{"line":44,"column":13}},"loc":{"start":{"line":44,"column":20},"end":{"line":44,"column":44}},"line":44},"9":{"name":"(anonymous_9)","decl":{"start":{"line":45,"column":13},"end":{"line":45,"column":14}},"loc":{"start":{"line":45,"column":20},"end":{"line":45,"column":48}},"line":45},"10":{"name":"(anonymous_10)","decl":{"start":{"line":46,"column":15},"end":{"line":46,"column":16}},"loc":{"start":{"line":46,"column":21},"end":{"line":46,"column":45}},"line":46},"11":{"name":"(anonymous_11)","decl":{"start":{"line":78,"column":27},"end":{"line":78,"column":28}},"loc":{"start":{"line":79,"column":12},"end":{"line":82,"column":19}},"line":79},"12":{"name":"(anonymous_12)","decl":{"start":{"line":108,"column":40},"end":{"line":108,"column":41}},"loc":{"start":{"line":109,"column":20},"end":{"line":120,"column":29}},"line":109},"13":{"name":"(anonymous_13)","decl":{"start":{"line":111,"column":31},"end":{"line":111,"column":32}},"loc":{"start":{"line":111,"column":37},"end":{"line":111,"column":58}},"line":111},"14":{"name":"(anonymous_14)","decl":{"start":{"line":164,"column":35},"end":{"line":164,"column":36}},"loc":{"start":{"line":165,"column":18},"end":{"line":165,"column":84}},"line":165},"15":{"name":"(anonymous_15)","decl":{"start":{"line":264,"column":24},"end":{"line":264,"column":25}},"loc":{"start":{"line":265,"column":20},"end":{"line":286,"column":26}},"line":265},"16":{"name":"(anonymous_16)","decl":{"start":{"line":314,"column":53},"end":{"line":314,"column":54}},"loc":{"start":{"line":315,"column":22},"end":{"line":347,"column":28}},"line":315},"17":{"name":"(anonymous_17)","decl":{"start":{"line":374,"column":40},"end":{"line":374,"column":41}},"loc":{"start":{"line":375,"column":18},"end":{"line":382,"column":24}},"line":375},"18":{"name":"(anonymous_18)","decl":{"start":{"line":408,"column":37},"end":{"line":408,"column":38}},"loc":{"start":{"line":408,"column":42},"end":{"line":408,"column":104}},"line":408},"19":{"name":"(anonymous_19)","decl":{"start":{"line":594,"column":20},"end":{"line":594,"column":21}},"loc":{"start":{"line":595,"column":16},"end":{"line":617,"column":20}},"line":595}},"branchMap":{"0":{"loc":{"start":{"line":25,"column":8},"end":{"line":25,"column":62}},"type":"if","locations":[{"start":{"line":25,"column":8},"end":{"line":25,"column":62}},{"start":{},"end":{}}],"line":25},"1":{"loc":{"start":{"line":41,"column":8},"end":{"line":41,"column":86}},"type":"if","locations":[{"start":{"line":41,"column":8},"end":{"line":41,"column":86}},{"start":{},"end":{}}],"line":41},"2":{"loc":{"start":{"line":60,"column":2},"end":{"line":60,"column":96}},"type":"if","locations":[{"start":{"line":60,"column":2},"end":{"line":60,"column":96}},{"start":{},"end":{}}],"line":60},"3":{"loc":{"start":{"line":61,"column":2},"end":{"line":68,"column":4}},"type":"if","locations":[{"start":{"line":61,"column":2},"end":{"line":68,"column":4}},{"start":{},"end":{}}],"line":61},"4":{"loc":{"start":{"line":69,"column":2},"end":{"line":69,"column":28}},"type":"if","locations":[{"start":{"line":69,"column":2},"end":{"line":69,"column":28}},{"start":{},"end":{}}],"line":69},"5":{"loc":{"start":{"line":81,"column":15},"end":{"line":81,"column":90}},"type":"binary-expr","locations":[{"start":{"line":81,"column":15},"end":{"line":81,"column":41}},{"start":{"line":81,"column":45},"end":{"line":81,"column":90}}],"line":81},"6":{"loc":{"start":{"line":112,"column":67},"end":{"line":112,"column":135}},"type":"cond-expr","locations":[{"start":{"line":112,"column":97},"end":{"line":112,"column":115}},{"start":{"line":112,"column":118},"end":{"line":112,"column":135}}],"line":112},"7":{"loc":{"start":{"line":113,"column":40},"end":{"line":113,"column":98}},"type":"cond-expr","locations":[{"start":{"line":113,"column":70},"end":{"line":113,"column":89}},{"start":{"line":113,"column":92},"end":{"line":113,"column":98}}],"line":113},"8":{"loc":{"start":{"line":116,"column":29},"end":{"line":116,"column":112}},"type":"cond-expr","locations":[{"start":{"line":116,"column":58},"end":{"line":116,"column":102}},{"start":{"line":116,"column":105},"end":{"line":116,"column":112}}],"line":116},"9":{"loc":{"start":{"line":126,"column":25},"end":{"line":126,"column":138}},"type":"cond-expr","locations":[{"start":{"line":126,"column":64},"end":{"line":126,"column":118}},{"start":{"line":126,"column":121},"end":{"line":126,"column":138}}],"line":126},"10":{"loc":{"start":{"line":140,"column":28},"end":{"line":140,"column":121}},"type":"binary-expr","locations":[{"start":{"line":140,"column":28},"end":{"line":140,"column":47}},{"start":{"line":140,"column":51},"end":{"line":140,"column":121}}],"line":140},"11":{"loc":{"start":{"line":170,"column":15},"end":{"line":172,"column":15}},"type":"binary-expr","locations":[{"start":{"line":170,"column":15},"end":{"line":170,"column":37}},{"start":{"line":171,"column":16},"end":{"line":171,"column":111}}],"line":170},"12":{"loc":{"start":{"line":176,"column":17},"end":{"line":182,"column":17}},"type":"binary-expr","locations":[{"start":{"line":176,"column":17},"end":{"line":176,"column":39}},{"start":{"line":177,"column":18},"end":{"line":181,"column":25}}],"line":176},"13":{"loc":{"start":{"line":308,"column":17},"end":{"line":350,"column":17}},"type":"cond-expr","locations":[{"start":{"line":309,"column":18},"end":{"line":309,"column":104}},{"start":{"line":310,"column":20},"end":{"line":350,"column":17}}],"line":308},"14":{"loc":{"start":{"line":310,"column":20},"end":{"line":350,"column":17}},"type":"cond-expr","locations":[{"start":{"line":311,"column":18},"end":{"line":311,"column":85}},{"start":{"line":313,"column":18},"end":{"line":349,"column":24}}],"line":310},"15":{"loc":{"start":{"line":337,"column":25},"end":{"line":346,"column":25}},"type":"binary-expr","locations":[{"start":{"line":337,"column":25},"end":{"line":337,"column":45}},{"start":{"line":338,"column":26},"end":{"line":345,"column":35}}],"line":337},"16":{"loc":{"start":{"line":373,"column":15},"end":{"line":386,"column":15}},"type":"cond-expr","locations":[{"start":{"line":374,"column":16},"end":{"line":383,"column":18}},{"start":{"line":385,"column":16},"end":{"line":385,"column":87}}],"line":373},"17":{"loc":{"start":{"line":376,"column":21},"end":{"line":378,"column":21}},"type":"binary-expr","locations":[{"start":{"line":376,"column":21},"end":{"line":376,"column":35}},{"start":{"line":377,"column":22},"end":{"line":377,"column":102}}],"line":376},"18":{"loc":{"start":{"line":379,"column":21},"end":{"line":381,"column":21}},"type":"binary-expr","locations":[{"start":{"line":379,"column":21},"end":{"line":379,"column":31}},{"start":{"line":380,"column":22},"end":{"line":380,"column":79}}],"line":379},"19":{"loc":{"start":{"line":408,"column":79},"end":{"line":408,"column":94}},"type":"cond-expr","locations":[{"start":{"line":408,"column":85},"end":{"line":408,"column":89}},{"start":{"line":408,"column":92},"end":{"line":408,"column":94}}],"line":408},"20":{"loc":{"start":{"line":423,"column":26},"end":{"line":423,"column":145}},"type":"cond-expr","locations":[{"start":{"line":423,"column":67},"end":{"line":423,"column":123}},{"start":{"line":423,"column":126},"end":{"line":423,"column":145}}],"line":423}},"s":{"0":19,"1":19,"2":19,"3":19,"4":19,"5":19,"6":19,"7":19,"8":19,"9":19,"10":9,"11":9,"12":9,"13":8,"14":0,"15":8,"16":8,"17":8,"18":1,"19":9,"20":19,"21":9,"22":9,"23":9,"24":9,"25":0,"26":9,"27":9,"28":0,"29":9,"30":19,"31":19,"32":9,"33":10,"34":1,"35":9,"36":0,"37":9,"38":63,"39":18,"40":1,"41":45,"42":27,"43":18,"44":9,"45":45,"46":36},"f":{"0":19,"1":9,"2":8,"3":8,"4":1,"5":9,"6":9,"7":9,"8":9,"9":0,"10":9,"11":63,"12":18,"13":1,"14":45,"15":27,"16":18,"17":9,"18":45,"19":36},"b":{"0":[0,8],"1":[0,9],"2":[9,10],"3":[1,9],"4":[0,9],"5":[63,54],"6":[9,9],"7":[9,9],"8":[18,0],"9":[9,0],"10":[9,0],"11":[9,9],"12":[9,9],"13":[0,9],"14":[0,9],"15":[18,9],"16":[9,0],"17":[9,9],"18":[9,9],"19":[36,9],"20":[9,0]},"_coverageSchema":"1a1c01bbd47fc00a2c39e90264f33305004495a9","hash":"3085575fdb8d4fe6fc6191edda494213af7d4108"}
,"/Users/alejandrogrosso/Documents/tech-practice/tech-practice-frontend/components/product/ProductSpecs.tsx": {"path":"/Users/alejandrogrosso/Documents/tech-practice/tech-practice-frontend/components/product/ProductSpecs.tsx","statementMap":{"0":{"start":{"line":10,"column":50},"end":{"line":29,"column":1}},"1":{"start":{"line":31,"column":14},"end":{"line":38,"column":1}},"2":{"start":{"line":42,"column":15},"end":{"line":42,"column":32}},"3":{"start":{"line":43,"column":16},"end":{"line":43,"column":30}},"4":{"start":{"line":45,"column":2},"end":{"line":92,"column":3}},"5":{"start":{"line":50,"column":10},"end":{"line":77,"column":11}},"6":{"start":{"line":83,"column":10},"end":{"line":88,"column":11}}},"fnMap":{"0":{"name":"ProductSpecs","decl":{"start":{"line":40,"column":24},"end":{"line":40,"column":36}},"loc":{"start":{"line":40,"column":67},"end":{"line":93,"column":1}},"line":40},"1":{"name":"(anonymous_1)","decl":{"start":{"line":49,"column":18},"end":{"line":49,"column":19}},"loc":{"start":{"line":50,"column":10},"end":{"line":77,"column":11}},"line":50},"2":{"name":"(anonymous_2)","decl":{"start":{"line":82,"column":19},"end":{"line":82,"column":20}},"loc":{"start":{"line":83,"column":10},"end":{"line":88,"column":11}},"line":83}},"branchMap":{"0":{"loc":{"start":{"line":50,"column":10},"end":{"line":77,"column":11}},"type":"cond-expr","locations":[{"start":{"line":51,"column":12},"end":{"line":69,"column":18}},{"start":{"line":71,"column":12},"end":{"line":76,"column":13}}],"line":50},"1":{"loc":{"start":{"line":50,"column":10},"end":{"line":50,"column":55}},"type":"binary-expr","locations":[{"start":{"line":50,"column":10},"end":{"line":50,"column":41}},{"start":{"line":50,"column":45},"end":{"line":50,"column":55}}],"line":50},"2":{"loc":{"start":{"line":71,"column":12},"end":{"line":76,"column":13}},"type":"binary-expr","locations":[{"start":{"line":71,"column":12},"end":{"line":71,"column":22}},{"start":{"line":72,"column":14},"end":{"line":75,"column":20}}],"line":71},"3":{"loc":{"start":{"line":83,"column":10},"end":{"line":88,"column":11}},"type":"binary-expr","locations":[{"start":{"line":83,"column":10},"end":{"line":83,"column":20}},{"start":{"line":84,"column":12},"end":{"line":87,"column":18}}],"line":83}},"s":{"0":2,"1":2,"2":10,"3":10,"4":10,"5":40,"6":20},"f":{"0":10,"1":40,"2":20},"b":{"0":[10,30],"1":[40,10],"2":[30,12],"3":[20,2]},"_coverageSchema":"1a1c01bbd47fc00a2c39e90264f33305004495a9","hash":"e42e280b4ec9cfa8c6f65ce8d6355149e9b0abad"}
,"/Users/alejandrogrosso/Documents/tech-practice/tech-practice-frontend/components/product/SellerInfo.tsx": {"path":"/Users/alejandrogrosso/Documents/tech-practice/tech-practice-frontend/components/product/SellerInfo.tsx","statementMap":{"0":{"start":{"line":10,"column":2},"end":{"line":39,"column":3}}},"fnMap":{"0":{"name":"SellerInfo","decl":{"start":{"line":9,"column":24},"end":{"line":9,"column":34}},"loc":{"start":{"line":9,"column":64},"end":{"line":40,"column":1}},"line":9}},"branchMap":{},"s":{"0":3},"f":{"0":3},"b":{},"_coverageSchema":"1a1c01bbd47fc00a2c39e90264f33305004495a9","hash":"92db7493f36ef8352741cc284f88a048f96bd3c9"}
,"/Users/alejandrogrosso/Documents/tech-practice/tech-practice-frontend/components/ui/card.tsx": {"path":"/Users/alejandrogrosso/Documents/tech-practice/tech-practice-frontend/components/ui/card.tsx","statementMap":{"0":{"start":{"line":5,"column":13},"end":{"line":17,"column":2}},"1":{"start":{"line":9,"column":2},"end":{"line":16,"column":4}},"2":{"start":{"line":18,"column":0},"end":{"line":18,"column":25}},"3":{"start":{"line":20,"column":19},"end":{"line":29,"column":2}},"4":{"start":{"line":24,"column":2},"end":{"line":28,"column":4}},"5":{"start":{"line":30,"column":0},"end":{"line":30,"column":37}},"6":{"start":{"line":32,"column":18},"end":{"line":44,"column":2}},"7":{"start":{"line":36,"column":2},"end":{"line":43,"column":4}},"8":{"start":{"line":45,"column":0},"end":{"line":45,"column":35}},"9":{"start":{"line":47,"column":24},"end":{"line":56,"column":2}},"10":{"start":{"line":51,"column":2},"end":{"line":55,"column":4}},"11":{"start":{"line":57,"column":0},"end":{"line":57,"column":47}},"12":{"start":{"line":59,"column":20},"end":{"line":64,"column":2}},"13":{"start":{"line":63,"column":2},"end":{"line":63,"column":68}},"14":{"start":{"line":65,"column":0},"end":{"line":65,"column":39}},"15":{"start":{"line":67,"column":19},"end":{"line":76,"column":2}},"16":{"start":{"line":71,"column":2},"end":{"line":75,"column":4}},"17":{"start":{"line":77,"column":0},"end":{"line":77,"column":37}}},"fnMap":{"0":{"name":"(anonymous_0)","decl":{"start":{"line":8,"column":2},"end":{"line":8,"column":3}},"loc":{"start":{"line":9,"column":2},"end":{"line":16,"column":4}},"line":9},"1":{"name":"(anonymous_1)","decl":{"start":{"line":23,"column":2},"end":{"line":23,"column":3}},"loc":{"start":{"line":24,"column":2},"end":{"line":28,"column":4}},"line":24},"2":{"name":"(anonymous_2)","decl":{"start":{"line":35,"column":2},"end":{"line":35,"column":3}},"loc":{"start":{"line":36,"column":2},"end":{"line":43,"column":4}},"line":36},"3":{"name":"(anonymous_3)","decl":{"start":{"line":50,"column":2},"end":{"line":50,"column":3}},"loc":{"start":{"line":51,"column":2},"end":{"line":55,"column":4}},"line":51},"4":{"name":"(anonymous_4)","decl":{"start":{"line":62,"column":2},"end":{"line":62,"column":3}},"loc":{"start":{"line":63,"column":2},"end":{"line":63,"column":68}},"line":63},"5":{"name":"(anonymous_5)","decl":{"start":{"line":70,"column":2},"end":{"line":70,"column":3}},"loc":{"start":{"line":71,"column":2},"end":{"line":75,"column":4}},"line":71}},"branchMap":{},"s":{"0":2,"1":6,"2":2,"3":2,"4":0,"5":2,"6":2,"7":0,"8":2,"9":2,"10":0,"11":2,"12":2,"13":6,"14":2,"15":2,"16":0,"17":2},"f":{"0":6,"1":0,"2":0,"3":0,"4":6,"5":0},"b":{},"_coverageSchema":"1a1c01bbd47fc00a2c39e90264f33305004495a9","hash":"1e40dd4e34cb7da2773c9c42a7c9cd426758af21"}
,"/Users/alejandrogrosso/Documents/tech-practice/tech-practice-frontend/lib/utils.ts": {"path":"/Users/alejandrogrosso/Documents/tech-practice/tech-practice-frontend/lib/utils.ts","statementMap":{"0":{"start":{"line":5,"column":2},"end":{"line":5,"column":30}}},"fnMap":{"0":{"name":"cn","decl":{"start":{"line":4,"column":16},"end":{"line":4,"column":18}},"loc":{"start":{"line":4,"column":44},"end":{"line":6,"column":1}},"line":4}},"branchMap":{},"s":{"0":12},"f":{"0":12},"b":{},"_coverageSchema":"1a1c01bbd47fc00a2c39e90264f33305004495a9","hash":"fad7c0abe7eeb0d3b159ae8d0733ddd37269f44e"}
}
