{"/Users/alejandrogrosso/Documents/tech-practice/tech-practice-frontend/components/product-detail.tsx": {"path":"/Users/alejandrogrosso/Documents/tech-practice/tech-practice-frontend/components/product-detail.tsx","statementMap":{"0":{"start":{"line":8,"column":32},"end":{"line":8,"column":62}},"1":{"start":{"line":9,"column":44},"end":{"line":9,"column":63}},"2":{"start":{"line":10,"column":34},"end":{"line":10,"column":45}},"3":{"start":{"line":11,"column":32},"end":{"line":11,"column":46}},"4":{"start":{"line":12,"column":28},"end":{"line":12,"column":57}},"5":{"start":{"line":14,"column":2},"end":{"line":28,"column":8}},"6":{"start":{"line":15,"column":4},"end":{"line":15,"column":20}},"7":{"start":{"line":16,"column":4},"end":{"line":16,"column":18}},"8":{"start":{"line":17,"column":4},"end":{"line":27,"column":39}},"9":{"start":{"line":19,"column":8},"end":{"line":19,"column":62}},"10":{"start":{"line":19,"column":21},"end":{"line":19,"column":62}},"11":{"start":{"line":20,"column":8},"end":{"line":20,"column":25}},"12":{"start":{"line":23,"column":8},"end":{"line":23,"column":24}},"13":{"start":{"line":24,"column":8},"end":{"line":24,"column":42}},"14":{"start":{"line":26,"column":20},"end":{"line":26,"column":41}},"15":{"start":{"line":27,"column":21},"end":{"line":27,"column":38}},"16":{"start":{"line":31,"column":22},"end":{"line":39,"column":3}},"17":{"start":{"line":41,"column":2},"end":{"line":41,"column":96}},"18":{"start":{"line":41,"column":15},"end":{"line":41,"column":96}},"19":{"start":{"line":42,"column":2},"end":{"line":49,"column":4}},"20":{"start":{"line":42,"column":13},"end":{"line":49,"column":4}},"21":{"start":{"line":50,"column":2},"end":{"line":50,"column":28}},"22":{"start":{"line":50,"column":16},"end":{"line":50,"column":28}},"23":{"start":{"line":52,"column":2},"end":{"line":677,"column":3}},"24":{"start":{"line":60,"column":12},"end":{"line":63,"column":19}},"25":{"start":{"line":90,"column":20},"end":{"line":101,"column":29}},"26":{"start":{"line":92,"column":37},"end":{"line":92,"column":58}},"27":{"start":{"line":146,"column":18},"end":{"line":146,"column":84}},"28":{"start":{"line":246,"column":20},"end":{"line":267,"column":26}},"29":{"start":{"line":312,"column":20},"end":{"line":344,"column":26}},"30":{"start":{"line":461,"column":42},"end":{"line":461,"column":104}},"31":{"start":{"line":648,"column":16},"end":{"line":670,"column":20}}},"fnMap":{"0":{"name":"ProductDetail","decl":{"start":{"line":7,"column":24},"end":{"line":7,"column":37}},"loc":{"start":{"line":7,"column":40},"end":{"line":678,"column":1}},"line":7},"1":{"name":"(anonymous_1)","decl":{"start":{"line":14,"column":12},"end":{"line":14,"column":13}},"loc":{"start":{"line":14,"column":18},"end":{"line":28,"column":3}},"line":14},"2":{"name":"(anonymous_2)","decl":{"start":{"line":18,"column":12},"end":{"line":18,"column":13}},"loc":{"start":{"line":18,"column":19},"end":{"line":21,"column":7}},"line":18},"3":{"name":"(anonymous_3)","decl":{"start":{"line":22,"column":12},"end":{"line":22,"column":13}},"loc":{"start":{"line":22,"column":20},"end":{"line":25,"column":7}},"line":22},"4":{"name":"(anonymous_4)","decl":{"start":{"line":26,"column":13},"end":{"line":26,"column":14}},"loc":{"start":{"line":26,"column":20},"end":{"line":26,"column":41}},"line":26},"5":{"name":"(anonymous_5)","decl":{"start":{"line":27,"column":15},"end":{"line":27,"column":16}},"loc":{"start":{"line":27,"column":21},"end":{"line":27,"column":38}},"line":27},"6":{"name":"(anonymous_6)","decl":{"start":{"line":59,"column":27},"end":{"line":59,"column":28}},"loc":{"start":{"line":60,"column":12},"end":{"line":63,"column":19}},"line":60},"7":{"name":"(anonymous_7)","decl":{"start":{"line":89,"column":40},"end":{"line":89,"column":41}},"loc":{"start":{"line":90,"column":20},"end":{"line":101,"column":29}},"line":90},"8":{"name":"(anonymous_8)","decl":{"start":{"line":92,"column":31},"end":{"line":92,"column":32}},"loc":{"start":{"line":92,"column":37},"end":{"line":92,"column":58}},"line":92},"9":{"name":"(anonymous_9)","decl":{"start":{"line":145,"column":35},"end":{"line":145,"column":36}},"loc":{"start":{"line":146,"column":18},"end":{"line":146,"column":84}},"line":146},"10":{"name":"(anonymous_10)","decl":{"start":{"line":245,"column":24},"end":{"line":245,"column":25}},"loc":{"start":{"line":246,"column":20},"end":{"line":267,"column":26}},"line":246},"11":{"name":"(anonymous_11)","decl":{"start":{"line":311,"column":24},"end":{"line":311,"column":25}},"loc":{"start":{"line":312,"column":20},"end":{"line":344,"column":26}},"line":312},"12":{"name":"(anonymous_12)","decl":{"start":{"line":461,"column":37},"end":{"line":461,"column":38}},"loc":{"start":{"line":461,"column":42},"end":{"line":461,"column":104}},"line":461},"13":{"name":"(anonymous_13)","decl":{"start":{"line":647,"column":20},"end":{"line":647,"column":21}},"loc":{"start":{"line":648,"column":16},"end":{"line":670,"column":20}},"line":648}},"branchMap":{"0":{"loc":{"start":{"line":19,"column":8},"end":{"line":19,"column":62}},"type":"if","locations":[{"start":{"line":19,"column":8},"end":{"line":19,"column":62}},{"start":{},"end":{}}],"line":19},"1":{"loc":{"start":{"line":41,"column":2},"end":{"line":41,"column":96}},"type":"if","locations":[{"start":{"line":41,"column":2},"end":{"line":41,"column":96}},{"start":{},"end":{}}],"line":41},"2":{"loc":{"start":{"line":42,"column":2},"end":{"line":49,"column":4}},"type":"if","locations":[{"start":{"line":42,"column":2},"end":{"line":49,"column":4}},{"start":{},"end":{}}],"line":42},"3":{"loc":{"start":{"line":50,"column":2},"end":{"line":50,"column":28}},"type":"if","locations":[{"start":{"line":50,"column":2},"end":{"line":50,"column":28}},{"start":{},"end":{}}],"line":50},"4":{"loc":{"start":{"line":62,"column":15},"end":{"line":62,"column":90}},"type":"binary-expr","locations":[{"start":{"line":62,"column":15},"end":{"line":62,"column":41}},{"start":{"line":62,"column":45},"end":{"line":62,"column":90}}],"line":62},"5":{"loc":{"start":{"line":93,"column":67},"end":{"line":93,"column":135}},"type":"cond-expr","locations":[{"start":{"line":93,"column":97},"end":{"line":93,"column":115}},{"start":{"line":93,"column":118},"end":{"line":93,"column":135}}],"line":93},"6":{"loc":{"start":{"line":94,"column":40},"end":{"line":94,"column":98}},"type":"cond-expr","locations":[{"start":{"line":94,"column":70},"end":{"line":94,"column":89}},{"start":{"line":94,"column":92},"end":{"line":94,"column":98}}],"line":94},"7":{"loc":{"start":{"line":97,"column":29},"end":{"line":97,"column":112}},"type":"cond-expr","locations":[{"start":{"line":97,"column":58},"end":{"line":97,"column":102}},{"start":{"line":97,"column":105},"end":{"line":97,"column":112}}],"line":97},"8":{"loc":{"start":{"line":107,"column":25},"end":{"line":107,"column":138}},"type":"cond-expr","locations":[{"start":{"line":107,"column":64},"end":{"line":107,"column":118}},{"start":{"line":107,"column":121},"end":{"line":107,"column":138}}],"line":107},"9":{"loc":{"start":{"line":121,"column":28},"end":{"line":121,"column":121}},"type":"binary-expr","locations":[{"start":{"line":121,"column":28},"end":{"line":121,"column":47}},{"start":{"line":121,"column":51},"end":{"line":121,"column":121}}],"line":121},"10":{"loc":{"start":{"line":151,"column":15},"end":{"line":153,"column":15}},"type":"binary-expr","locations":[{"start":{"line":151,"column":15},"end":{"line":151,"column":37}},{"start":{"line":152,"column":16},"end":{"line":152,"column":111}}],"line":151},"11":{"loc":{"start":{"line":157,"column":17},"end":{"line":163,"column":17}},"type":"binary-expr","locations":[{"start":{"line":157,"column":17},"end":{"line":157,"column":39}},{"start":{"line":158,"column":18},"end":{"line":162,"column":25}}],"line":157},"12":{"loc":{"start":{"line":334,"column":23},"end":{"line":343,"column":23}},"type":"binary-expr","locations":[{"start":{"line":334,"column":23},"end":{"line":334,"column":43}},{"start":{"line":335,"column":24},"end":{"line":342,"column":33}}],"line":334},"13":{"loc":{"start":{"line":461,"column":79},"end":{"line":461,"column":94}},"type":"cond-expr","locations":[{"start":{"line":461,"column":85},"end":{"line":461,"column":89}},{"start":{"line":461,"column":92},"end":{"line":461,"column":94}}],"line":461},"14":{"loc":{"start":{"line":476,"column":26},"end":{"line":476,"column":145}},"type":"cond-expr","locations":[{"start":{"line":476,"column":67},"end":{"line":476,"column":123}},{"start":{"line":476,"column":126},"end":{"line":476,"column":145}}],"line":476}},"s":{"0":2,"1":2,"2":2,"3":2,"4":2,"5":2,"6":1,"7":1,"8":1,"9":1,"10":0,"11":1,"12":1,"13":1,"14":0,"15":1,"16":2,"17":2,"18":1,"19":1,"20":0,"21":1,"22":0,"23":1,"24":7,"25":2,"26":0,"27":5,"28":3,"29":2,"30":5,"31":4},"f":{"0":2,"1":1,"2":1,"3":1,"4":0,"5":1,"6":7,"7":2,"8":0,"9":5,"10":3,"11":2,"12":5,"13":4},"b":{"0":[0,1],"1":[1,1],"2":[0,1],"3":[0,1],"4":[7,6],"5":[1,1],"6":[1,1],"7":[2,0],"8":[1,0],"9":[1,0],"10":[1,1],"11":[1,1],"12":[2,1],"13":[4,1],"14":[1,0]},"_coverageSchema":"1a1c01bbd47fc00a2c39e90264f33305004495a9","hash":"74ada3a7324d32ccb761646b90413d218fbca9c0"}
}
