TN:
SF:components/product/PaymentMethods.tsx
FN:10,PaymentMethods
FNF:1
FNH:1
FNDA:3,PaymentMethods
DA:15,3
LF:1
LH:1
BRDA:21,0,0,3
BRDA:21,0,1,2
BRDA:31,1,0,3
BRDA:31,1,1,1
BRDA:41,2,0,3
BRDA:41,2,1,1
BRF:6
BRH:6
end_of_record
TN:
SF:components/product/ProductDetail.tsx
FN:8,ProductDetail
FN:20,(anonymous_1)
FN:24,(anonymous_2)
FN:28,(anonymous_3)
FN:32,(anonymous_4)
FN:33,(anonymous_5)
FN:36,(anonymous_6)
FN:40,(anonymous_7)
FN:44,(anonymous_8)
FN:45,(anonymous_9)
FN:46,(anonymous_10)
FN:78,(anonymous_11)
FN:108,(anonymous_12)
FN:111,(anonymous_13)
FN:164,(anonymous_14)
FN:264,(anonymous_15)
FN:314,(anonymous_16)
FN:374,(anonymous_17)
FN:408,(anonymous_18)
FN:594,(anonymous_19)
FNF:20
FNH:19
FNDA:19,ProductDetail
FNDA:9,(anonymous_1)
FNDA:8,(anonymous_2)
FNDA:8,(anonymous_3)
FNDA:1,(anonymous_4)
FNDA:9,(anonymous_5)
FNDA:9,(anonymous_6)
FNDA:9,(anonymous_7)
FNDA:9,(anonymous_8)
FNDA:0,(anonymous_9)
FNDA:9,(anonymous_10)
FNDA:63,(anonymous_11)
FNDA:18,(anonymous_12)
FNDA:1,(anonymous_13)
FNDA:45,(anonymous_14)
FNDA:27,(anonymous_15)
FNDA:18,(anonymous_16)
FNDA:9,(anonymous_17)
FNDA:45,(anonymous_18)
FNDA:36,(anonymous_19)
DA:9,19
DA:10,19
DA:11,19
DA:12,19
DA:13,19
DA:14,19
DA:15,19
DA:16,19
DA:18,19
DA:20,19
DA:21,9
DA:22,9
DA:23,9
DA:25,8
DA:26,8
DA:29,8
DA:30,8
DA:32,1
DA:33,9
DA:36,19
DA:37,9
DA:38,9
DA:39,9
DA:41,9
DA:42,9
DA:44,9
DA:45,0
DA:46,9
DA:50,19
DA:60,19
DA:61,10
DA:69,9
DA:71,9
DA:79,63
DA:109,18
DA:111,1
DA:165,45
DA:265,27
DA:315,18
DA:375,9
DA:408,45
DA:595,36
LF:42
LH:41
BRDA:25,0,0,0
BRDA:25,0,1,8
BRDA:41,1,0,0
BRDA:41,1,1,9
BRDA:60,2,0,9
BRDA:60,2,1,10
BRDA:61,3,0,1
BRDA:61,3,1,9
BRDA:69,4,0,0
BRDA:69,4,1,9
BRDA:81,5,0,63
BRDA:81,5,1,54
BRDA:112,6,0,9
BRDA:112,6,1,9
BRDA:113,7,0,9
BRDA:113,7,1,9
BRDA:116,8,0,18
BRDA:116,8,1,0
BRDA:126,9,0,9
BRDA:126,9,1,0
BRDA:140,10,0,9
BRDA:140,10,1,0
BRDA:170,11,0,9
BRDA:170,11,1,9
BRDA:176,12,0,9
BRDA:176,12,1,9
BRDA:308,13,0,0
BRDA:308,13,1,9
BRDA:310,14,0,0
BRDA:310,14,1,9
BRDA:337,15,0,18
BRDA:337,15,1,9
BRDA:373,16,0,9
BRDA:373,16,1,0
BRDA:376,17,0,9
BRDA:376,17,1,9
BRDA:379,18,0,9
BRDA:379,18,1,9
BRDA:408,19,0,36
BRDA:408,19,1,9
BRDA:423,20,0,9
BRDA:423,20,1,0
BRF:42
BRH:32
end_of_record
TN:
SF:components/product/ProductSpecs.tsx
FN:40,ProductSpecs
FN:49,(anonymous_1)
FN:82,(anonymous_2)
FNF:3
FNH:3
FNDA:10,ProductSpecs
FNDA:40,(anonymous_1)
FNDA:20,(anonymous_2)
DA:10,2
DA:31,2
DA:42,10
DA:43,10
DA:45,10
DA:50,40
DA:83,20
LF:7
LH:7
BRDA:50,0,0,10
BRDA:50,0,1,30
BRDA:50,1,0,40
BRDA:50,1,1,10
BRDA:71,2,0,30
BRDA:71,2,1,12
BRDA:83,3,0,20
BRDA:83,3,1,2
BRF:8
BRH:8
end_of_record
TN:
SF:components/product/SellerInfo.tsx
FN:9,SellerInfo
FNF:1
FNH:1
FNDA:3,SellerInfo
DA:10,3
LF:1
LH:1
BRF:0
BRH:0
end_of_record
TN:
SF:components/ui/card.tsx
FN:8,(anonymous_0)
FN:23,(anonymous_1)
FN:35,(anonymous_2)
FN:50,(anonymous_3)
FN:62,(anonymous_4)
FN:70,(anonymous_5)
FNF:6
FNH:2
FNDA:6,(anonymous_0)
FNDA:0,(anonymous_1)
FNDA:0,(anonymous_2)
FNDA:0,(anonymous_3)
FNDA:6,(anonymous_4)
FNDA:0,(anonymous_5)
DA:5,2
DA:9,6
DA:18,2
DA:20,2
DA:24,0
DA:30,2
DA:32,2
DA:36,0
DA:45,2
DA:47,2
DA:51,0
DA:57,2
DA:59,2
DA:63,6
DA:65,2
DA:67,2
DA:71,0
DA:77,2
LF:18
LH:14
BRF:0
BRH:0
end_of_record
TN:
SF:lib/utils.ts
FN:4,cn
FNF:1
FNH:1
FNDA:12,cn
DA:5,12
LF:1
LH:1
BRF:0
BRH:0
end_of_record
