TN:
SF:components/product/PaymentMethods.tsx
FN:10,PaymentMethods
FNF:1
FNH:1
FNDA:3,PaymentMethods
DA:15,3
LF:1
LH:1
BRDA:21,0,0,3
BRDA:21,0,1,2
BRDA:31,1,0,3
BRDA:31,1,1,1
BRDA:41,2,0,3
BRDA:41,2,1,1
BRF:6
BRH:6
end_of_record
TN:
SF:components/product/ProductDetail.tsx
FN:9,ProductDetail
FN:21,(anonymous_1)
FN:25,(anonymous_2)
FN:29,(anonymous_3)
FN:33,(anonymous_4)
FN:34,(anonymous_5)
FN:37,(anonymous_6)
FN:41,(anonymous_7)
FN:45,(anonymous_8)
FN:46,(anonymous_9)
FN:47,(anonymous_10)
FN:79,(anonymous_11)
FN:108,(anonymous_12)
FN:111,(anonymous_13)
FN:161,(anonymous_14)
FN:204,(anonymous_15)
FN:225,(anonymous_16)
FN:274,(anonymous_17)
FN:334,(anonymous_18)
FN:368,(anonymous_19)
FN:368,(anonymous_20)
FN:511,(anonymous_21)
FNF:22
FNH:16
FNDA:19,ProductDetail
FNDA:9,(anonymous_1)
FNDA:8,(anonymous_2)
FNDA:8,(anonymous_3)
FNDA:1,(anonymous_4)
FNDA:9,(anonymous_5)
FNDA:9,(anonymous_6)
FNDA:9,(anonymous_7)
FNDA:9,(anonymous_8)
FNDA:0,(anonymous_9)
FNDA:9,(anonymous_10)
FNDA:63,(anonymous_11)
FNDA:18,(anonymous_12)
FNDA:1,(anonymous_13)
FNDA:45,(anonymous_14)
FNDA:0,(anonymous_15)
FNDA:0,(anonymous_16)
FNDA:18,(anonymous_17)
FNDA:9,(anonymous_18)
FNDA:0,(anonymous_19)
FNDA:0,(anonymous_20)
FNDA:0,(anonymous_21)
DA:10,19
DA:11,19
DA:12,19
DA:13,19
DA:14,19
DA:15,19
DA:16,19
DA:17,19
DA:19,19
DA:21,19
DA:22,9
DA:23,9
DA:24,9
DA:26,8
DA:27,8
DA:30,8
DA:31,8
DA:33,1
DA:34,9
DA:37,19
DA:38,9
DA:39,9
DA:40,9
DA:42,9
DA:43,9
DA:45,9
DA:46,0
DA:47,9
DA:51,19
DA:61,19
DA:62,10
DA:70,9
DA:72,9
DA:80,63
DA:109,18
DA:111,1
DA:162,45
DA:205,0
DA:226,0
DA:275,18
DA:335,9
DA:368,0
DA:369,0
DA:512,0
LF:44
LH:38
BRDA:26,0,0,0
BRDA:26,0,1,8
BRDA:42,1,0,0
BRDA:42,1,1,9
BRDA:61,2,0,9
BRDA:61,2,1,10
BRDA:62,3,0,1
BRDA:62,3,1,9
BRDA:70,4,0,0
BRDA:70,4,1,9
BRDA:82,5,0,63
BRDA:82,5,1,54
BRDA:112,6,0,9
BRDA:112,6,1,9
BRDA:113,7,0,9
BRDA:113,7,1,9
BRDA:116,8,0,18
BRDA:116,8,1,0
BRDA:126,9,0,9
BRDA:126,9,1,0
BRDA:137,10,0,9
BRDA:137,10,1,0
BRDA:167,11,0,9
BRDA:167,11,1,9
BRDA:173,12,0,9
BRDA:173,12,1,9
BRDA:200,13,0,9
BRDA:200,13,1,0
BRDA:200,13,2,0
BRDA:225,14,0,0
BRDA:225,14,1,9
BRDA:225,15,0,9
BRDA:225,15,1,0
BRDA:268,16,0,0
BRDA:268,16,1,9
BRDA:270,17,0,0
BRDA:270,17,1,9
BRDA:297,18,0,18
BRDA:297,18,1,9
BRDA:333,19,0,9
BRDA:333,19,1,0
BRDA:336,20,0,9
BRDA:336,20,1,9
BRDA:339,21,0,9
BRDA:339,21,1,9
BRDA:369,22,0,0
BRDA:369,22,1,0
BRDA:511,23,0,0
BRDA:511,23,1,9
BRDA:511,24,0,9
BRDA:511,24,1,0
BRDA:525,25,0,0
BRDA:525,25,1,0
BRDA:530,26,0,0
BRDA:530,26,1,0
BRDA:531,27,0,0
BRDA:531,27,1,0
BRF:57
BRH:34
end_of_record
TN:
SF:components/product/ProductSpecs.tsx
FN:29,ProductSpecs
FN:38,(anonymous_1)
FN:71,(anonymous_2)
FNF:3
FNH:3
FNDA:10,ProductSpecs
FNDA:40,(anonymous_1)
FNDA:20,(anonymous_2)
DA:11,2
DA:20,2
DA:31,10
DA:32,10
DA:34,10
DA:39,40
DA:72,20
LF:7
LH:7
BRDA:39,0,0,10
BRDA:39,0,1,30
BRDA:39,1,0,40
BRDA:39,1,1,10
BRDA:60,2,0,30
BRDA:60,2,1,12
BRDA:72,3,0,20
BRDA:72,3,1,2
BRF:8
BRH:8
end_of_record
TN:
SF:components/product/SellerInfo.tsx
FN:9,SellerInfo
FNF:1
FNH:1
FNDA:3,SellerInfo
DA:10,3
LF:1
LH:1
BRF:0
BRH:0
end_of_record
TN:
SF:components/ui/card.tsx
FN:8,(anonymous_0)
FN:23,(anonymous_1)
FN:35,(anonymous_2)
FN:50,(anonymous_3)
FN:62,(anonymous_4)
FN:70,(anonymous_5)
FNF:6
FNH:2
FNDA:6,(anonymous_0)
FNDA:0,(anonymous_1)
FNDA:0,(anonymous_2)
FNDA:0,(anonymous_3)
FNDA:6,(anonymous_4)
FNDA:0,(anonymous_5)
DA:5,2
DA:9,6
DA:18,2
DA:20,2
DA:24,0
DA:30,2
DA:32,2
DA:36,0
DA:45,2
DA:47,2
DA:51,0
DA:57,2
DA:59,2
DA:63,6
DA:65,2
DA:67,2
DA:71,0
DA:77,2
LF:18
LH:14
BRF:0
BRH:0
end_of_record
TN:
SF:lib/utils.ts
FN:4,cn
FNF:1
FNH:1
FNDA:12,cn
DA:5,12
LF:1
LH:1
BRF:0
BRH:0
end_of_record
